2025-10-13 14:18:27,504 - INFO - Running all available metrics.
2025-10-13 14:18:27,504 - INFO - --- Starting ontology assessment for: /home/redad/Downloads/Ontology-TurtleFiles/recipe.ttl ---
2025-10-13 14:18:27,504 - INFO - Metrics to run: altLabelCheck, externalLinks, isolatedElements, humanLicense, rdfDump, sparqlEndpoint, classConnections, definitionCheck, duplicateLabels, missingDomainRange, leafNodeCheck, semanticConnection
2025-10-13 14:18:27,505 - INFO - --- Running Metric: altLabelCheck ---
2025-10-13 14:18:27,539 - INFO - Metric 'altLabelCheck' completed successfully.
2025-10-13 14:18:27,540 - INFO - --- Running Metric: externalLinks ---
2025-10-13 14:18:27,564 - INFO - Metric 'externalLinks' completed successfully.
2025-10-13 14:18:27,565 - INFO - --- Running Metric: isolatedElements ---
2025-10-13 14:18:27,585 - INFO - Metric 'isolatedElements' completed successfully.
2025-10-13 14:18:27,585 - INFO - --- Running Metric: humanLicense ---
2025-10-13 14:18:27,598 - INFO - Metric 'humanLicense' completed successfully.
2025-10-13 14:18:27,599 - INFO - --- Running Metric: rdfDump ---
2025-10-13 14:18:27,642 - INFO - Metric 'rdfDump' completed successfully.
2025-10-13 14:18:27,643 - INFO - --- Running Metric: sparqlEndpoint ---
2025-10-13 14:18:27,654 - INFO - Metric 'sparqlEndpoint' completed successfully.
2025-10-13 14:18:27,655 - INFO - --- Running Metric: classConnections ---
2025-10-13 14:18:27,669 - INFO - Metric 'classConnections' completed successfully.
2025-10-13 14:18:27,670 - INFO - --- Running Metric: definitionCheck ---
2025-10-13 14:18:27,687 - INFO - Metric 'definitionCheck' completed successfully.
2025-10-13 14:18:27,687 - INFO - --- Running Metric: duplicateLabels ---
2025-10-13 14:18:27,706 - INFO - Metric 'duplicateLabels' completed successfully.
2025-10-13 14:18:27,706 - INFO - --- Running Metric: missingDomainRange ---
2025-10-13 14:18:27,722 - INFO - Metric 'missingDomainRange' completed successfully.
2025-10-13 14:18:27,723 - INFO - --- Running Metric: leafNodeCheck ---
2025-10-13 14:18:27,745 - INFO - Metric 'leafNodeCheck' completed successfully.
2025-10-13 14:18:27,746 - INFO - --- Running Metric: semanticConnection ---
2025-10-13 14:18:27,762 - INFO - Metric 'semanticConnection' completed successfully.
2025-10-13 14:18:27,763 - INFO - --- Successfully wrote results to out.csv ---
2025-10-13 14:18:27,763 - INFO - --- Assessment Complete ---
